<?xml version="1.0" encoding="UTF-8"?>
<!-- Generated by org.testng.reporters.JUnitReportReporter -->
<testsuite hostname="MDXN00005351" failures="0" tests="1" name="tests.UserLoginTest" time="0.812" errors="0" timestamp="2020-11-02T10:45:20 MEZ" skipped="0">
  <testcase classname="tests.UserLoginTest" name="UserCanLogin" time="0.812"/>
  <system-out/>
</testsuite> <!-- tests.UserLoginTest -->
