<?xml version="1.0" encoding="UTF-8"?>
<testsuite xmlns:xsi="http://www.w3.org/2001/XMLSchema-instance" xsi:noNamespaceSchemaLocation="https://maven.apache.org/surefire/maven-surefire-plugin/xsd/surefire-test-report-3.0.xsd" version="3.0" name="TestSuite" time="9.93" tests="3" errors="0" skipped="2" failures="1">
  <properties>
    <property name="sun.desktop" value="windows"/>
    <property name="awt.toolkit" value="sun.awt.windows.WToolkit"/>
    <property name="browser.type" value="chrome"/>
    <property name="java.specification.version" value="1.8"/>
    <property name="file.encoding.pkg" value="sun.io"/>
    <property name="webdriver.chrome.driver" value="D:\AutomationTest/drivers/chromedriver.exe"/>
    <property name="sun.cpu.isalist" value="amd64"/>
    <property name="sun.jnu.encoding" value="Cp1252"/>
    <property name="java.class.path" value="D:\AutomationTest\target\test-classes;D:\AutomationTest\target\classes;C:\Users\khattabmennat\.m2\repository\org\testng\testng\7.3.0\testng-7.3.0.jar;C:\Users\khattabmennat\.m2\repository\com\beust\jcommander\1.78\jcommander-1.78.jar;C:\Users\khattabmennat\.m2\repository\org\apache\ant\ant\1.10.3\ant-1.10.3.jar;C:\Users\khattabmennat\.m2\repository\org\apache\ant\ant-launcher\1.10.3\ant-launcher-1.10.3.jar;C:\Users\khattabmennat\.m2\repository\junit\junit\4.12\junit-4.12.jar;C:\Users\khattabmennat\.m2\repository\org\hamcrest\hamcrest-core\1.3\hamcrest-core-1.3.jar;C:\Users\khattabmennat\.m2\repository\com\google\inject\guice\4.2.2\guice-4.2.2-no_aop.jar;C:\Users\khattabmennat\.m2\repository\javax\inject\javax.inject\1\javax.inject-1.jar;C:\Users\khattabmennat\.m2\repository\aopalliance\aopalliance\1.0\aopalliance-1.0.jar;C:\Users\khattabmennat\.m2\repository\org\yaml\snakeyaml\1.21\snakeyaml-1.21.jar;C:\Users\khattabmennat\.m2\repository\org\seleniumhq\selenium\selenium-java\3.141.59\selenium-java-3.141.59.jar;C:\Users\khattabmennat\.m2\repository\org\seleniumhq\selenium\selenium-api\3.141.59\selenium-api-3.141.59.jar;C:\Users\khattabmennat\.m2\repository\org\seleniumhq\selenium\selenium-chrome-driver\3.141.59\selenium-chrome-driver-3.141.59.jar;C:\Users\khattabmennat\.m2\repository\org\seleniumhq\selenium\selenium-edge-driver\3.141.59\selenium-edge-driver-3.141.59.jar;C:\Users\khattabmennat\.m2\repository\org\seleniumhq\selenium\selenium-firefox-driver\3.141.59\selenium-firefox-driver-3.141.59.jar;C:\Users\khattabmennat\.m2\repository\org\seleniumhq\selenium\selenium-ie-driver\3.141.59\selenium-ie-driver-3.141.59.jar;C:\Users\khattabmennat\.m2\repository\org\seleniumhq\selenium\selenium-opera-driver\3.141.59\selenium-opera-driver-3.141.59.jar;C:\Users\khattabmennat\.m2\repository\org\seleniumhq\selenium\selenium-remote-driver\3.141.59\selenium-remote-driver-3.141.59.jar;C:\Users\khattabmennat\.m2\repository\org\seleniumhq\selenium\selenium-safari-driver\3.141.59\selenium-safari-driver-3.141.59.jar;C:\Users\khattabmennat\.m2\repository\org\seleniumhq\selenium\selenium-support\3.141.59\selenium-support-3.141.59.jar;C:\Users\khattabmennat\.m2\repository\net\bytebuddy\byte-buddy\1.8.15\byte-buddy-1.8.15.jar;C:\Users\khattabmennat\.m2\repository\org\apache\commons\commons-exec\1.3\commons-exec-1.3.jar;C:\Users\khattabmennat\.m2\repository\com\google\guava\guava\25.0-jre\guava-25.0-jre.jar;C:\Users\khattabmennat\.m2\repository\com\google\code\findbugs\jsr305\1.3.9\jsr305-1.3.9.jar;C:\Users\khattabmennat\.m2\repository\org\checkerframework\checker-compat-qual\2.0.0\checker-compat-qual-2.0.0.jar;C:\Users\khattabmennat\.m2\repository\com\google\errorprone\error_prone_annotations\2.1.3\error_prone_annotations-2.1.3.jar;C:\Users\khattabmennat\.m2\repository\com\google\j2objc\j2objc-annotations\1.1\j2objc-annotations-1.1.jar;C:\Users\khattabmennat\.m2\repository\org\codehaus\mojo\animal-sniffer-annotations\1.14\animal-sniffer-annotations-1.14.jar;C:\Users\khattabmennat\.m2\repository\com\squareup\okhttp3\okhttp\3.11.0\okhttp-3.11.0.jar;C:\Users\khattabmennat\.m2\repository\com\squareup\okio\okio\1.14.0\okio-1.14.0.jar;"/>
    <property name="java.vm.vendor" value="Oracle Corporation"/>
    <property name="sun.arch.data.model" value="64"/>
    <property name="user.variant" value=""/>
    <property name="java.vendor.url" value="http://java.oracle.com/"/>
    <property name="user.timezone" value="Europe/Berlin"/>
    <property name="java.vm.specification.version" value="1.8"/>
    <property name="os.name" value="Windows 10"/>
    <property name="user.country" value="DE"/>
    <property name="sun.java.launcher" value="SUN_STANDARD"/>
    <property name="sun.boot.library.path" value="C:\Program Files\Java\jdk1.8.0_251\jre\bin"/>
    <property name="sun.java.command" value="C:\Users\khattabmennat\AppData\Local\Temp\surefire7553815714472698098\surefirebooter478463515331884139.jar C:\Users\khattabmennat\AppData\Local\Temp\surefire7553815714472698098 2020-11-08T20-10-27_512-jvmRun1 surefire2646153004382898671tmp surefire_02852435141920946611tmp"/>
    <property name="surefire.test.class.path" value="D:\AutomationTest\target\test-classes;D:\AutomationTest\target\classes;C:\Users\khattabmennat\.m2\repository\org\testng\testng\7.3.0\testng-7.3.0.jar;C:\Users\khattabmennat\.m2\repository\com\beust\jcommander\1.78\jcommander-1.78.jar;C:\Users\khattabmennat\.m2\repository\org\apache\ant\ant\1.10.3\ant-1.10.3.jar;C:\Users\khattabmennat\.m2\repository\org\apache\ant\ant-launcher\1.10.3\ant-launcher-1.10.3.jar;C:\Users\khattabmennat\.m2\repository\junit\junit\4.12\junit-4.12.jar;C:\Users\khattabmennat\.m2\repository\org\hamcrest\hamcrest-core\1.3\hamcrest-core-1.3.jar;C:\Users\khattabmennat\.m2\repository\com\google\inject\guice\4.2.2\guice-4.2.2-no_aop.jar;C:\Users\khattabmennat\.m2\repository\javax\inject\javax.inject\1\javax.inject-1.jar;C:\Users\khattabmennat\.m2\repository\aopalliance\aopalliance\1.0\aopalliance-1.0.jar;C:\Users\khattabmennat\.m2\repository\org\yaml\snakeyaml\1.21\snakeyaml-1.21.jar;C:\Users\khattabmennat\.m2\repository\org\seleniumhq\selenium\selenium-java\3.141.59\selenium-java-3.141.59.jar;C:\Users\khattabmennat\.m2\repository\org\seleniumhq\selenium\selenium-api\3.141.59\selenium-api-3.141.59.jar;C:\Users\khattabmennat\.m2\repository\org\seleniumhq\selenium\selenium-chrome-driver\3.141.59\selenium-chrome-driver-3.141.59.jar;C:\Users\khattabmennat\.m2\repository\org\seleniumhq\selenium\selenium-edge-driver\3.141.59\selenium-edge-driver-3.141.59.jar;C:\Users\khattabmennat\.m2\repository\org\seleniumhq\selenium\selenium-firefox-driver\3.141.59\selenium-firefox-driver-3.141.59.jar;C:\Users\khattabmennat\.m2\repository\org\seleniumhq\selenium\selenium-ie-driver\3.141.59\selenium-ie-driver-3.141.59.jar;C:\Users\khattabmennat\.m2\repository\org\seleniumhq\selenium\selenium-opera-driver\3.141.59\selenium-opera-driver-3.141.59.jar;C:\Users\khattabmennat\.m2\repository\org\seleniumhq\selenium\selenium-remote-driver\3.141.59\selenium-remote-driver-3.141.59.jar;C:\Users\khattabmennat\.m2\repository\org\seleniumhq\selenium\selenium-safari-driver\3.141.59\selenium-safari-driver-3.141.59.jar;C:\Users\khattabmennat\.m2\repository\org\seleniumhq\selenium\selenium-support\3.141.59\selenium-support-3.141.59.jar;C:\Users\khattabmennat\.m2\repository\net\bytebuddy\byte-buddy\1.8.15\byte-buddy-1.8.15.jar;C:\Users\khattabmennat\.m2\repository\org\apache\commons\commons-exec\1.3\commons-exec-1.3.jar;C:\Users\khattabmennat\.m2\repository\com\google\guava\guava\25.0-jre\guava-25.0-jre.jar;C:\Users\khattabmennat\.m2\repository\com\google\code\findbugs\jsr305\1.3.9\jsr305-1.3.9.jar;C:\Users\khattabmennat\.m2\repository\org\checkerframework\checker-compat-qual\2.0.0\checker-compat-qual-2.0.0.jar;C:\Users\khattabmennat\.m2\repository\com\google\errorprone\error_prone_annotations\2.1.3\error_prone_annotations-2.1.3.jar;C:\Users\khattabmennat\.m2\repository\com\google\j2objc\j2objc-annotations\1.1\j2objc-annotations-1.1.jar;C:\Users\khattabmennat\.m2\repository\org\codehaus\mojo\animal-sniffer-annotations\1.14\animal-sniffer-annotations-1.14.jar;C:\Users\khattabmennat\.m2\repository\com\squareup\okhttp3\okhttp\3.11.0\okhttp-3.11.0.jar;C:\Users\khattabmennat\.m2\repository\com\squareup\okio\okio\1.14.0\okio-1.14.0.jar;"/>
    <property name="sun.cpu.endian" value="little"/>
    <property name="user.home" value="C:\Users\khattabmennat"/>
    <property name="user.language" value="de"/>
    <property name="java.specification.vendor" value="Oracle Corporation"/>
    <property name="java.home" value="C:\Program Files\Java\jdk1.8.0_251\jre"/>
    <property name="basedir" value="D:\AutomationTest"/>
    <property name="file.separator" value="\"/>
    <property name="line.separator" value="&#10;"/>
    <property name="java.vm.specification.vendor" value="Oracle Corporation"/>
    <property name="java.specification.name" value="Java Platform API Specification"/>
    <property name="java.awt.graphicsenv" value="sun.awt.Win32GraphicsEnvironment"/>
    <property name="surefire.real.class.path" value="C:\Users\khattabmennat\AppData\Local\Temp\surefire7553815714472698098\surefirebooter478463515331884139.jar"/>
    <property name="sun.boot.class.path" value="C:\Program Files\Java\jdk1.8.0_251\jre\lib\resources.jar;C:\Program Files\Java\jdk1.8.0_251\jre\lib\rt.jar;C:\Program Files\Java\jdk1.8.0_251\jre\lib\sunrsasign.jar;C:\Program Files\Java\jdk1.8.0_251\jre\lib\jsse.jar;C:\Program Files\Java\jdk1.8.0_251\jre\lib\jce.jar;C:\Program Files\Java\jdk1.8.0_251\jre\lib\charsets.jar;C:\Program Files\Java\jdk1.8.0_251\jre\lib\jfr.jar;C:\Program Files\Java\jdk1.8.0_251\jre\classes"/>
    <property name="user.script" value=""/>
    <property name="sun.management.compiler" value="HotSpot 64-Bit Tiered Compilers"/>
    <property name="java.runtime.version" value="1.8.0_251-b08"/>
    <property name="user.name" value="KhattabMennat"/>
    <property name="path.separator" value=";"/>
    <property name="os.version" value="10.0"/>
    <property name="java.endorsed.dirs" value="C:\Program Files\Java\jdk1.8.0_251\jre\lib\endorsed"/>
    <property name="java.runtime.name" value="Java(TM) SE Runtime Environment"/>
    <property name="file.encoding" value="Cp1252"/>
    <property name="java.vm.name" value="Java HotSpot(TM) 64-Bit Server VM"/>
    <property name="localRepository" value="C:\Users\khattabmennat\.m2\repository"/>
    <property name="java.vendor.url.bug" value="http://bugreport.sun.com/bugreport/"/>
    <property name="java.io.tmpdir" value="C:\Users\KHATTA~2\AppData\Local\Temp\"/>
    <property name="java.version" value="1.8.0_251"/>
    <property name="user.dir" value="D:\AutomationTest"/>
    <property name="os.arch" value="amd64"/>
    <property name="java.vm.specification.name" value="Java Virtual Machine Specification"/>
    <property name="java.awt.printerjob" value="sun.awt.windows.WPrinterJob"/>
    <property name="sun.os.patch.level" value=""/>
    <property name="java.library.path" value="C:\Program Files\Java\jdk1.8.0_251\jre\bin;C:\WINDOWS\Sun\Java\bin;C:\WINDOWS\system32;C:\WINDOWS;C:\Program Files\ImageMagick-7.0.10-Q16-HDRI;C:\Program Files\ImageMagick-7.0.10-Q16;C:\Program Files\Java\jre1.8.0_181\bin;C:\Program Files (x86)\Common Files\Oracle\Java\javapath;C:\WINDOWS\system32;C:\WINDOWS;C:\WINDOWS\System32\Wbem;C:\WINDOWS\System32\WindowsPowerShell\v1.0\;C:\Program Files (x86)\IBM\Notes\;C:\Program Files\Git\cmd\;C:\Program Files\TortoiseGit\bin;C:\Program Files\Java\jdk-11\bin;C:\WINDOWS\System32\OpenSSH\;C:\Groovy\groovy-3.0.0-beta-3\bin;C:\Program Files (x86)\SDE\Putty\;C:\Program Files\apache-maven-3.6.3\bin;C:\Program Files\Java\jdk1.8.0_251\bin;C:\Python38;C:\Python38\Scripts;C:\Groovy\groovy-3.0.4\bin;C:\Program Files\nodejs\;C:\Program Files (x86)\Webex\Plugins;C:\Program Files (x86)\Sennheiser\SoftphoneSDK\;C:\Users\khattabmennat\AppData\Local\Microsoft\WindowsApps;;C:\Users\khattabmennat\AppData\Local\JetBrains\PyCharm Community Edition 2020.1.2\bin;;D:\Users\BKU\khattabmennat\AppData(Roaming)\npm;C:\Users\khattabmennat\AppData\Local\Programs\Microsoft VS Code\bin;."/>
    <property name="java.vm.info" value="mixed mode"/>
    <property name="java.vendor" value="Oracle Corporation"/>
    <property name="java.vm.version" value="25.251-b08"/>
    <property name="java.ext.dirs" value="C:\Program Files\Java\jdk1.8.0_251\jre\lib\ext;C:\WINDOWS\Sun\Java\lib\ext"/>
    <property name="sun.io.unicode.encoding" value="UnicodeLittle"/>
    <property name="java.class.version" value="52.0"/>
  </properties>
  <testcase name="startDriver" classname="tests.UserLoginTest" time="9.729">
    <failure message="session not created: This version of ChromeDriver only supports Chrome version 87&#10;Current browser version is 86.0.4240.183 with binary path C:\Program Files (x86)\Google\Chrome\Application\chrome.exe&#10;Build info: version: &apos;3.141.59&apos;, revision: &apos;e82be7d358&apos;, time: &apos;2018-11-14T08:17:03&apos;&#10;System info: host: &apos;MDXN00005351&apos;, ip: &apos;192.168.0.10&apos;, os.name: &apos;Windows 10&apos;, os.arch: &apos;amd64&apos;, os.version: &apos;10.0&apos;, java.version: &apos;1.8.0_251&apos;&#10;Driver info: driver.version: ChromeDriver&#10;remote stacktrace: Backtrace:&#10;	Ordinal0 [0x00C4ECE3+3337443]&#10;	Ordinal0 [0x00B2F041+2158657]&#10;	Ordinal0 [0x009B6FA8+618408]&#10;	Ordinal0 [0x00931D52+73042]&#10;	Ordinal0 [0x0092E0D8+57560]&#10;	Ordinal0 [0x0092C38A+50058]&#10;	Ordinal0 [0x00955E8E+220814]&#10;	Ordinal0 [0x00955BFC+220156]&#10;	Ordinal0 [0x0095181B+202779]&#10;	Ordinal0 [0x00933D74+81268]&#10;	Ordinal0 [0x00934D6E+85358]&#10;	Ordinal0 [0x00934CF9+85241]&#10;	Ordinal0 [0x00B46F2C+2256684]&#10;	GetHandleVerifier [0x00DD2FAC+1478332]&#10;	GetHandleVerifier [0x00DD2AFD+1477133]&#10;	GetHandleVerifier [0x00DDAAD8+1509864]&#10;	GetHandleVerifier [0x00DD369E+1480110]&#10;	Ordinal0 [0x00B3D6BD+2217661]&#10;	Ordinal0 [0x00B489AB+2263467]&#10;	Ordinal0 [0x00B48AEF+2263791]&#10;	Ordinal0 [0x00B5D363+2347875]&#10;	BaseThreadInitThunk [0x75B86359+25]&#10;	RtlGetAppContainerNamedObjectPath [0x77E87C24+228]&#10;	RtlGetAppContainerNamedObjectPath [0x77E87BF4+180]&#10;" type="org.openqa.selenium.SessionNotCreatedException"><![CDATA[org.openqa.selenium.SessionNotCreatedException: 
session not created: This version of ChromeDriver only supports Chrome version 87
Current browser version is 86.0.4240.183 with binary path C:\Program Files (x86)\Google\Chrome\Application\chrome.exe
Build info: version: '3.141.59', revision: 'e82be7d358', time: '2018-11-14T08:17:03'
System info: host: 'MDXN00005351', ip: '192.168.0.10', os.name: 'Windows 10', os.arch: 'amd64', os.version: '10.0', java.version: '1.8.0_251'
Driver info: driver.version: ChromeDriver
remote stacktrace: Backtrace:
	Ordinal0 [0x00C4ECE3+3337443]
	Ordinal0 [0x00B2F041+2158657]
	Ordinal0 [0x009B6FA8+618408]
	Ordinal0 [0x00931D52+73042]
	Ordinal0 [0x0092E0D8+57560]
	Ordinal0 [0x0092C38A+50058]
	Ordinal0 [0x00955E8E+220814]
	Ordinal0 [0x00955BFC+220156]
	Ordinal0 [0x0095181B+202779]
	Ordinal0 [0x00933D74+81268]
	Ordinal0 [0x00934D6E+85358]
	Ordinal0 [0x00934CF9+85241]
	Ordinal0 [0x00B46F2C+2256684]
	GetHandleVerifier [0x00DD2FAC+1478332]
	GetHandleVerifier [0x00DD2AFD+1477133]
	GetHandleVerifier [0x00DDAAD8+1509864]
	GetHandleVerifier [0x00DD369E+1480110]
	Ordinal0 [0x00B3D6BD+2217661]
	Ordinal0 [0x00B489AB+2263467]
	Ordinal0 [0x00B48AEF+2263791]
	Ordinal0 [0x00B5D363+2347875]
	BaseThreadInitThunk [0x75B86359+25]
	RtlGetAppContainerNamedObjectPath [0x77E87C24+228]
	RtlGetAppContainerNamedObjectPath [0x77E87BF4+180]

]]></failure>
    <system-out><![CDATA[anbei der ausgewÃ¤hlte browser:chrome
]]></system-out>
    <system-err><![CDATA[Starting ChromeDriver 87.0.4280.20 (c99e81631faa0b2a448e658c0dbd8311fb04ddbd-refs/branch-heads/4280@{#355}) on port 46632
Only local connections are allowed.
Please see https://chromedriver.chromium.org/security-considerations for suggestions on keeping ChromeDriver safe.
ChromeDriver was started successfully.
]]></system-err>
  </testcase>
  <testcase name="UserCanLogin" classname="tests.UserLoginTest" time="0">
    <skipped message="session not created: This version of ChromeDriver only supports Chrome version 87&#10;Current browser version is 86.0.4240.183 with binary path C:\Program Files (x86)\Google\Chrome\Application\chrome.exe&#10;Build info: version: &apos;3.141.59&apos;, revision: &apos;e82be7d358&apos;, time: &apos;2018-11-14T08:17:03&apos;&#10;System info: host: &apos;MDXN00005351&apos;, ip: &apos;192.168.0.10&apos;, os.name: &apos;Windows 10&apos;, os.arch: &apos;amd64&apos;, os.version: &apos;10.0&apos;, java.version: &apos;1.8.0_251&apos;&#10;Driver info: driver.version: ChromeDriver&#10;remote stacktrace: Backtrace:&#10;	Ordinal0 [0x00C4ECE3+3337443]&#10;	Ordinal0 [0x00B2F041+2158657]&#10;	Ordinal0 [0x009B6FA8+618408]&#10;	Ordinal0 [0x00931D52+73042]&#10;	Ordinal0 [0x0092E0D8+57560]&#10;	Ordinal0 [0x0092C38A+50058]&#10;	Ordinal0 [0x00955E8E+220814]&#10;	Ordinal0 [0x00955BFC+220156]&#10;	Ordinal0 [0x0095181B+202779]&#10;	Ordinal0 [0x00933D74+81268]&#10;	Ordinal0 [0x00934D6E+85358]&#10;	Ordinal0 [0x00934CF9+85241]&#10;	Ordinal0 [0x00B46F2C+2256684]&#10;	GetHandleVerifier [0x00DD2FAC+1478332]&#10;	GetHandleVerifier [0x00DD2AFD+1477133]&#10;	GetHandleVerifier [0x00DDAAD8+1509864]&#10;	GetHandleVerifier [0x00DD369E+1480110]&#10;	Ordinal0 [0x00B3D6BD+2217661]&#10;	Ordinal0 [0x00B489AB+2263467]&#10;	Ordinal0 [0x00B48AEF+2263791]&#10;	Ordinal0 [0x00B5D363+2347875]&#10;	BaseThreadInitThunk [0x75B86359+25]&#10;	RtlGetAppContainerNamedObjectPath [0x77E87C24+228]&#10;	RtlGetAppContainerNamedObjectPath [0x77E87BF4+180]&#10;"/>
  </testcase>
  <testcase name="stopDriver" classname="tests.UserLoginTest" time="0">
    <skipped/>
  </testcase>
</testsuite>