<?xml version="1.0" encoding="UTF-8"?>
<!-- Generated by org.testng.reporters.JUnitReportReporter -->
<testsuite skipped="1" hostname="MDXN00005351" name="tests.UserLoginTest" tests="2" failures="0" timestamp="2020-11-08T19:56:54 MEZ" time="48.490" errors="1">
  <testcase name="UserCanLogin" time="0.000" classname="tests.UserLoginTest">
    <skipped/>
  </testcase> <!-- UserCanLogin -->
  <system-out/>
  <testcase name="startDriver" time="48.490" classname="tests.UserLoginTest">
    <error type="org.openqa.selenium.SessionNotCreatedException" message="session not created: This version of ChromeDriver only supports Chrome version 83
Build info: version: &#039;3.141.59&#039;, revision: &#039;e82be7d358&#039;, time: &#039;2018-11-14T08:17:03&#039;
System info: host: &#039;MDXN00005351&#039;, ip: &#039;192.168.0.10&#039;, os.name: &#039;Windows 10&#039;, os.arch: &#039;amd64&#039;, os.version: &#039;10.0&#039;, java.version: &#039;1.8.0_251&#039;
Driver info: driver.version: ChromeDriver
remote stacktrace: Backtrace:
	Ordinal0 [0x002D9563+2725219]
	Ordinal0 [0x001D8551+1672529]
	Ordinal0 [0x000C0359+525145]
	Ordinal0 [0x00050B77+68471]
	Ordinal0 [0x0004D32C+54060]
	Ordinal0 [0x0006CC37+183351]
	Ordinal0 [0x0006CA3D+182845]
	Ordinal0 [0x0006A94B+174411]
	Ordinal0 [0x00052528+75048]
	Ordinal0 [0x000535A0+79264]
	Ordinal0 [0x00053539+79161]
	Ordinal0 [0x001ED607+1758727]
	GetHandleVerifier [0x003F6546+1050150]
	GetHandleVerifier [0x003F6291+1049457]
	GetHandleVerifier [0x004010D7+1094071]
	GetHandleVerifier [0x003F6B46+1051686]
	Ordinal0 [0x001E5B06+1727238]
	Ordinal0 [0x001EEB7B+1764219]
	Ordinal0 [0x001EECE3+1764579]
	Ordinal0 [0x00204C05+1854469]
	BaseThreadInitThunk [0x75B86359+25]
	RtlGetAppContainerNamedObjectPath [0x77E87C24+228]
	RtlGetAppContainerNamedObjectPath [0x77E87BF4+180]
	(No symbol) [0x00000000]
">
      <![CDATA[org.openqa.selenium.SessionNotCreatedException: session not created: This version of ChromeDriver only supports Chrome version 83
Build info: version: '3.141.59', revision: 'e82be7d358', time: '2018-11-14T08:17:03'
System info: host: 'MDXN00005351', ip: '192.168.0.10', os.name: 'Windows 10', os.arch: 'amd64', os.version: '10.0', java.version: '1.8.0_251'
Driver info: driver.version: ChromeDriver
remote stacktrace: Backtrace:
Ordinal0 [0x002D9563+2725219]
Ordinal0 [0x001D8551+1672529]
Ordinal0 [0x000C0359+525145]
Ordinal0 [0x00050B77+68471]
Ordinal0 [0x0004D32C+54060]
Ordinal0 [0x0006CC37+183351]
Ordinal0 [0x0006CA3D+182845]
Ordinal0 [0x0006A94B+174411]
Ordinal0 [0x00052528+75048]
Ordinal0 [0x000535A0+79264]
Ordinal0 [0x00053539+79161]
Ordinal0 [0x001ED607+1758727]
GetHandleVerifier [0x003F6546+1050150]
GetHandleVerifier [0x003F6291+1049457]
GetHandleVerifier [0x004010D7+1094071]
GetHandleVerifier [0x003F6B46+1051686]
Ordinal0 [0x001E5B06+1727238]
Ordinal0 [0x001EEB7B+1764219]
Ordinal0 [0x001EECE3+1764579]
Ordinal0 [0x00204C05+1854469]
BaseThreadInitThunk [0x75B86359+25]
RtlGetAppContainerNamedObjectPath [0x77E87C24+228]
RtlGetAppContainerNamedObjectPath [0x77E87BF4+180]
(No symbol) [0x00000000]

at sun.reflect.NativeConstructorAccessorImpl.newInstance0(Native Method)
at sun.reflect.NativeConstructorAccessorImpl.newInstance(NativeConstructorAccessorImpl.java:62)
at sun.reflect.DelegatingConstructorAccessorImpl.newInstance(DelegatingConstructorAccessorImpl.java:45)
at java.lang.reflect.Constructor.newInstance(Constructor.java:423)
at org.openqa.selenium.remote.W3CHandshakeResponse.lambda$errorHandler$0(W3CHandshakeResponse.java:62)
at org.openqa.selenium.remote.HandshakeResponse.lambda$getResponseFunction$0(HandshakeResponse.java:30)
at org.openqa.selenium.remote.ProtocolHandshake.lambda$createSession$0(ProtocolHandshake.java:126)
at java.util.stream.ReferencePipeline$3$1.accept(ReferencePipeline.java:193)
at java.util.Spliterators$ArraySpliterator.tryAdvance(Spliterators.java:958)
at java.util.stream.ReferencePipeline.forEachWithCancel(ReferencePipeline.java:126)
at java.util.stream.AbstractPipeline.copyIntoWithCancel(AbstractPipeline.java:499)
at java.util.stream.AbstractPipeline.copyInto(AbstractPipeline.java:486)
at java.util.stream.AbstractPipeline.wrapAndCopyInto(AbstractPipeline.java:472)
at java.util.stream.FindOps$FindOp.evaluateSequential(FindOps.java:152)
at java.util.stream.AbstractPipeline.evaluate(AbstractPipeline.java:234)
at java.util.stream.ReferencePipeline.findFirst(ReferencePipeline.java:464)
at org.openqa.selenium.remote.ProtocolHandshake.createSession(ProtocolHandshake.java:128)
at org.openqa.selenium.remote.ProtocolHandshake.createSession(ProtocolHandshake.java:74)
at org.openqa.selenium.remote.HttpCommandExecutor.execute(HttpCommandExecutor.java:136)
at org.openqa.selenium.remote.service.DriverCommandExecutor.execute(DriverCommandExecutor.java:83)
at org.openqa.selenium.remote.RemoteWebDriver.execute(RemoteWebDriver.java:552)
at org.openqa.selenium.remote.RemoteWebDriver.startSession(RemoteWebDriver.java:213)
at org.openqa.selenium.remote.RemoteWebDriver.<init>(RemoteWebDriver.java:131)
at org.openqa.selenium.chrome.ChromeDriver.<init>(ChromeDriver.java:181)
at org.openqa.selenium.chrome.ChromeDriver.<init>(ChromeDriver.java:168)
at org.openqa.selenium.chrome.ChromeDriver.<init>(ChromeDriver.java:123)
at tests.TestBase.startDriver(TestBase.java:28)
at sun.reflect.NativeMethodAccessorImpl.invoke0(Native Method)
at sun.reflect.NativeMethodAccessorImpl.invoke(NativeMethodAccessorImpl.java:62)
at sun.reflect.DelegatingMethodAccessorImpl.invoke(DelegatingMethodAccessorImpl.java:43)
at java.lang.reflect.Method.invoke(Method.java:498)
at org.testng.internal.MethodInvocationHelper.invokeMethod(MethodInvocationHelper.java:132)
at org.testng.internal.MethodInvocationHelper.invokeMethodConsideringTimeout(MethodInvocationHelper.java:61)
at org.testng.internal.ConfigInvoker.invokeConfigurationMethod(ConfigInvoker.java:366)
at org.testng.internal.ConfigInvoker.invokeConfigurations(ConfigInvoker.java:320)
at org.testng.SuiteRunner.privateRun(SuiteRunner.java:327)
at org.testng.SuiteRunner.run(SuiteRunner.java:286)
at org.testng.SuiteRunnerWorker.runSuite(SuiteRunnerWorker.java:53)
at org.testng.SuiteRunnerWorker.run(SuiteRunnerWorker.java:96)
at org.testng.TestNG.runSuitesSequentially(TestNG.java:1218)
at org.testng.TestNG.runSuitesLocally(TestNG.java:1140)
at org.testng.TestNG.runSuites(TestNG.java:1069)
at org.testng.TestNG.run(TestNG.java:1037)
at org.apache.maven.surefire.testng.TestNGExecutor.run(TestNGExecutor.java:284)
at org.apache.maven.surefire.testng.TestNGXmlTestSuite.execute(TestNGXmlTestSuite.java:75)
at org.apache.maven.surefire.testng.TestNGProvider.invoke(TestNGProvider.java:119)
at org.apache.maven.surefire.booter.ForkedBooter.runSuitesInProcess(ForkedBooter.java:428)
at org.apache.maven.surefire.booter.ForkedBooter.execute(ForkedBooter.java:162)
at org.apache.maven.surefire.booter.ForkedBooter.run(ForkedBooter.java:562)
at org.apache.maven.surefire.booter.ForkedBooter.main(ForkedBooter.java:548)
]]>
    </error>
  </testcase> <!-- startDriver -->
  <system-out/>
</testsuite> <!-- tests.UserLoginTest -->
