<?xml version="1.0" encoding="UTF-8"?>
<!-- Generated by org.testng.reporters.JUnitReportReporter -->
<testsuite skipped="0" hostname="MDXN00005351" name="tests.UserLoginTest" tests="1" failures="0" timestamp="2020-11-06T23:44:40 MEZ" time="1.119" errors="0">
  <testcase name="UserCanLogin" time="1.119" classname="tests.UserLoginTest"/>
  <system-out/>
</testsuite> <!-- tests.UserLoginTest -->
