<?xml version="1.0" encoding="UTF-8"?>
<!-- Generated by org.testng.reporters.JUnitReportReporter -->
<testsuite skipped="0" hostname="MDXN00005351" name="tests.UserLoginTest" tests="1" failures="0" timestamp="2020-11-06T23:16:00 MEZ" time="0.917" errors="0">
  <testcase name="UserCanLogin" time="0.917" classname="tests.UserLoginTest"/>
  <system-out/>
</testsuite> <!-- tests.UserLoginTest -->
